Building DAG of jobs...
Updating job graft_solutions.
Using shell: /usr/bin/bash
Provided cores: 8
Rules claiming more threads will be scaled down.
Job stats:
job                count    min threads    max threads
---------------  -------  -------------  -------------
graft_solutions        1              1              1
relabel_grafted        1              1              1
total                  2              1              1

Select jobs to execute...

[Mon Sep 23 14:04:17 2024]
rule graft_solutions:
    input: subproblem_solutions/ott302791.tre, subproblem_solutions/ott470890.tre, subproblem_solutions/ott439419.tre, subproblem_solutions/ott402457.tre, subproblem_solutions/ott563839.tre, subproblem_solutions/ott370810.tre, subproblem_solutions/ott1065605.tre, subproblem_solutions/ott856520.tre, subproblem_solutions/ott1092197.tre, subproblem_solutions/ott801239.tre, subproblem_solutions/ott820019.tre, subproblem_solutions/ott5859858.tre, subproblem_solutions/ott834689.tre, subproblem_solutions/ott749202.tre, subproblem_solutions/ott1031587.tre, subproblem_solutions/ott717632.tre, subproblem_solutions/ott1006783.tre, subproblem_solutions/ott456268.tre, subproblem_solutions/ott705939.tre, subproblem_solutions/ott1014898.tre, subproblem_solutions/ott773512.tre, subproblem_solutions/ott520921.tre, subproblem_solutions/ott280903.tre, subproblem_solutions/ott706450.tre, subproblem_solutions/ott860315.tre, subproblem_solutions/ott292472.tre, subproblem_solutions/ott294061.tre, subproblem_solutions/ott767070.tre, subproblem_solutions/ott662607.tre, subproblem_solutions/ott1036185.tre, subproblem_solutions/ott706951.tre, subproblem_solutions/ott904494.tre, subproblem_solutions/ott193426.tre, subproblem_solutions/ott51351.tre, subproblem_solutions/ott821756.tre, subproblem_solutions/ott743736.tre, subproblem_solutions/ott647109.tre, subproblem_solutions/ott73972.tre, subproblem_solutions/ott484893.tre, subproblem_solutions/ott810748.tre, subproblem_solutions/ott979429.tre, subproblem_solutions/ott726310.tre, subproblem_solutions/ott1010888.tre, subproblem_solutions/ott568711.tre, subproblem_solutions/ott662952.tre, subproblem_solutions/ott488749.tre, subproblem_solutions/ott23685.tre, subproblem_solutions/ott386306.tre, subproblem_solutions/ott26172.tre, subproblem_solutions/ott283677.tre, subproblem_solutions/ott806354.tre, subproblem_solutions/ott363030.tre, subproblem_solutions/ott873523.tre, subproblem_solutions/ott928349.tre, subproblem_solutions/ott594197.tre, subproblem_solutions/ott244696.tre, subproblem_solutions/ott452465.tre, subproblem_solutions/ott443381.tre, subproblem_solutions/ott5025.tre, subproblem_solutions/ott241846.tre, subproblem_solutions/ott51275.tre, subproblem_solutions/ott490361.tre, subproblem_solutions/ott285198.tre, subproblem_solutions/ott390841.tre, subproblem_solutions/ott610933.tre, subproblem_solutions/ott977745.tre, subproblem_solutions/ott149824.tre, subproblem_solutions/ott853103.tre, subproblem_solutions/ott264504.tre, subproblem_solutions/ott724186.tre, subproblem_solutions/ott3599741.tre, subproblem_solutions/ott839105.tre, subproblem_solutions/ott765193.tre, subproblem_solutions/ott463024.tre, subproblem_solutions/ott1065611.tre, subproblem_solutions/ott966318.tre, subproblem_solutions/ott513100.tre, subproblem_solutions/ott613883.tre, subproblem_solutions/ott107064.tre, subproblem_solutions/ott1080868.tre, subproblem_solutions/ott363013.tre, subproblem_solutions/ott844475.tre, subproblem_solutions/ott452471.tre, subproblem_solutions/ott30733.tre, subproblem_solutions/ott1058847.tre, subproblem_solutions/ott815966.tre, subproblem_solutions/ott472435.tre, subproblem_solutions/ott948665.tre, subproblem_solutions/ott153576.tre, subproblem_solutions/ott372538.tre, subproblem_solutions/ott1028017.tre, subproblem_solutions/ott860312.tre, subproblem_solutions/ott173080.tre, subproblem_solutions/ott72477.tre, subproblem_solutions/ott906627.tre, subproblem_solutions/ott129405.tre, subproblem_solutions/ott3601128.tre, subproblem_solutions/ott968675.tre, subproblem_solutions/ott1073079.tre, subproblem_solutions/ott1032639.tre, subproblem_solutions/ott273442.tre, subproblem_solutions/ott3603469.tre, subproblem_solutions/ott390840.tre, subproblem_solutions/ott341907.tre, subproblem_solutions/ott1015948.tre, subproblem_solutions/ott303085.tre, subproblem_solutions/ott693661.tre, subproblem_solutions/ott918683.tre, subproblem_solutions/ott241841.tre, subproblem_solutions/ott109306.tre, subproblem_solutions/ott186445.tre, subproblem_solutions/ott420336.tre, subproblem_solutions/ott853113.tre, subproblem_solutions/ott941509.tre, subproblem_solutions/ott3597562.tre, subproblem_solutions/ott619340.tre, subproblem_solutions/ott494373.tre, subproblem_solutions/ott749641.tre, subproblem_solutions/ott282131.tre, subproblem_solutions/ott1092341.tre, subproblem_solutions/ott1050055.tre, subproblem_solutions/ott1010577.tre, subproblem_solutions/ott1032064.tre, subproblem_solutions/ott565044.tre, subproblem_solutions/ott541992.tre, subproblem_solutions/ott664347.tre, subproblem_solutions/ott939764.tre, subproblem_solutions/ott3595961.tre, subproblem_solutions/ott838936.tre, subproblem_solutions/ott7068373.tre, subproblem_solutions/ott204715.tre, subproblem_solutions/ott159836.tre, subproblem_solutions/ott250506.tre, subproblem_solutions/ott703807.tre, subproblem_solutions/ott453587.tre, subproblem_solutions/ott440606.tre, subproblem_solutions/ott1003842.tre, subproblem_solutions/ott598352.tre, subproblem_solutions/ott917050.tre, subproblem_solutions/ott6152180.tre, subproblem_solutions/ott784742.tre, subproblem_solutions/ott808271.tre, subproblem_solutions/ott102473.tre, subproblem_solutions/ott62259.tre, subproblem_solutions/ott3599326.tre, subproblem_solutions/ott919201.tre, subproblem_solutions/ott90896.tre, subproblem_solutions/ott1020136.tre, subproblem_solutions/ott157601.tre, subproblem_solutions/ott298778.tre, subproblem_solutions/ott355464.tre, subproblem_solutions/ott724185.tre, subproblem_solutions/ott145557.tre, subproblem_solutions/ott1068261.tre, subproblem_solutions/ott1019789.tre, subproblem_solutions/ott544654.tre, subproblem_solutions/ott787071.tre, subproblem_solutions/ott532632.tre, subproblem_solutions/ott2202.tre, subproblem_solutions/ott901940.tre, subproblem_solutions/ott988329.tre, subproblem_solutions/ott291858.tre, subproblem_solutions/ott937205.tre, subproblem_solutions/ott851006.tre, subproblem_solutions/ott420987.tre, subproblem_solutions/ott174394.tre, subproblem_solutions/ott886174.tre, subproblem_solutions/ott7068574.tre, subproblem_solutions/ott329999.tre, subproblem_solutions/ott989089.tre, subproblem_solutions/ott829682.tre, subproblem_solutions/ott738517.tre, subproblem_solutions/ott661149.tre, subproblem_solutions/ott1054564.tre, subproblem_solutions/ott149821.tre, subproblem_solutions/ott292467.tre, subproblem_solutions/ott775719.tre, subproblem_solutions/ott244699.tre, subproblem_solutions/ott3602182.tre, subproblem_solutions/ott943904.tre, subproblem_solutions/ott957951.tre, subproblem_solutions/ott129407.tre, subproblem_solutions/ott513890.tre, subproblem_solutions/ott775477.tre, subproblem_solutions/ott433993.tre, subproblem_solutions/ott891680.tre, subproblem_solutions/ott551813.tre, subproblem_solutions/ott164174.tre, subproblem_solutions/ott5274.tre, subproblem_solutions/ott892283.tre, subproblem_solutions/ott780441.tre, subproblem_solutions/ott689774.tre, subproblem_solutions/ott280896.tre, subproblem_solutions/ott101233.tre, subproblem_solutions/ott931109.tre, subproblem_solutions/ott935038.tre, subproblem_solutions/ott565810.tre, subproblem_solutions/ott3603266.tre, subproblem_solutions/ott31195.tre, subproblem_solutions/ott746744.tre, subproblem_solutions/ott967524.tre, subproblem_solutions/ott1014289.tre, subproblem_solutions/ott780951.tre, subproblem_solutions/ott6153451.tre, subproblem_solutions/ott754975.tre, subproblem_solutions/ott815970.tre, subproblem_solutions/ott372550.tre, subproblem_solutions/ott381374.tre, subproblem_solutions/ott774534.tre, subproblem_solutions/ott758346.tre, subproblem_solutions/ott765192.tre, subproblem_solutions/ott534819.tre, subproblem_solutions/ott167343.tre, subproblem_solutions/ott525755.tre, subproblem_solutions/ott952645.tre, subproblem_solutions/ott635219.tre, subproblem_solutions/ott360548.tre, subproblem_solutions/ott415521.tre, subproblem_solutions/ott989086.tre, subproblem_solutions/ott246460.tre, subproblem_solutions/ott837585.tre, subproblem_solutions/ott830260.tre, subproblem_solutions/ott967971.tre, subproblem_solutions/ott757324.tre, subproblem_solutions/ott4130834.tre, subproblem_solutions/ott815704.tre, subproblem_solutions/ott837574.tre, subproblem_solutions/ott480157.tre, subproblem_solutions/ott815707.tre, subproblem_solutions/ott809000.tre, subproblem_solutions/ott438654.tre, subproblem_solutions/ott73157.tre, subproblem_solutions/ott647180.tre, subproblem_solutions/ott406674.tre, subproblem_solutions/ott699633.tre, subproblem_solutions/ott3596008.tre, subproblem_solutions/ott682886.tre, subproblem_solutions/ott263125.tre, subproblem_solutions/ott963343.tre, subproblem_solutions/ott991709.tre, subproblem_solutions/ott38966.tre, subproblem_solutions/ott787932.tre, subproblem_solutions/ott969453.tre, subproblem_solutions/ott484896.tre, subproblem_solutions/ott300971.tre, subproblem_solutions/ott463028.tre, subproblem_solutions/ott569219.tre, subproblem_solutions/ott20997.tre, subproblem_solutions/ott1030674.tre, subproblem_solutions/ott3599602.tre, subproblem_solutions/ott1032057.tre, subproblem_solutions/ott211119.tre, subproblem_solutions/ott1078308.tre, subproblem_solutions/ott521328.tre, subproblem_solutions/ott5559044.tre, subproblem_solutions/ott410725.tre, subproblem_solutions/ott441596.tre, subproblem_solutions/ott744782.tre, subproblem_solutions/ott705971.tre, subproblem_solutions/ott410714.tre, subproblem_solutions/ott382067.tre, subproblem_solutions/ott463442.tre, subproblem_solutions/ott80420.tre, subproblem_solutions/ott399793.tre, subproblem_solutions/ott88374.tre, subproblem_solutions/ott315822.tre, subproblem_solutions/ott458650.tre, subproblem_solutions/ott681193.tre, subproblem_solutions/ott7068376.tre, subproblem_solutions/ott922719.tre, subproblem_solutions/ott276882.tre, subproblem_solutions/ott352764.tre, subproblem_solutions/ott92667.tre, subproblem_solutions/ott320098.tre, subproblem_solutions/ott815711.tre, subproblem_solutions/ott28348.tre, subproblem_solutions/ott5023.tre, subproblem_solutions/ott524017.tre, subproblem_solutions/ott589166.tre, subproblem_solutions/ott294045.tre, subproblem_solutions/ott854359.tre, subproblem_solutions/ott179649.tre, subproblem_solutions/ott3597580.tre, subproblem_solutions/ott165616.tre, subproblem_solutions/ott706778.tre, subproblem_solutions/ott901449.tre, subproblem_solutions/ott291643.tre, subproblem_solutions/ott589161.tre, subproblem_solutions/ott572167.tre, subproblem_solutions/ott757509.tre, subproblem_solutions/ott714463.tre, subproblem_solutions/ott1023196.tre, subproblem_solutions/ott134529.tre, subproblem_solutions/ott819315.tre, subproblem_solutions/ott929238.tre, subproblem_solutions/ott550052.tre, subproblem_solutions/ott317003.tre, subproblem_solutions/ott624441.tre, subproblem_solutions/ott427703.tre, subproblem_solutions/ott85277.tre, subproblem_solutions/ott61985.tre, subproblem_solutions/ott957729.tre, subproblem_solutions/ott675126.tre, subproblem_solutions/ott144510.tre, subproblem_solutions/ott704135.tre, subproblem_solutions/ott4947835.tre, subproblem_solutions/ott909768.tre, subproblem_solutions/ott152571.tre, subproblem_solutions/ott7068067.tre, subproblem_solutions/ott410207.tre, subproblem_solutions/ott465914.tre, subproblem_solutions/ott489918.tre, subproblem_solutions/ott1028828.tre, subproblem_solutions/ott5030.tre, subproblem_solutions/ott617799.tre, subproblem_solutions/ott891276.tre, subproblem_solutions/ott87271.tre, subproblem_solutions/ott7068066.tre, subproblem_solutions/ott352748.tre, subproblem_solutions/ott263122.tre, subproblem_solutions/ott467879.tre, subproblem_solutions/ott815968.tre, subproblem_solutions/ott134538.tre, subproblem_solutions/ott975191.tre, subproblem_solutions/ott789032.tre, subproblem_solutions/ott54484.tre, subproblem_solutions/ott744793.tre, subproblem_solutions/ott744786.tre, subproblem_solutions/ott3597427.tre, subproblem_solutions/ott5223432.tre, subproblem_solutions/ott1078304.tre, subproblem_solutions/ott494365.tre, subproblem_solutions/ott551809.tre, subproblem_solutions/ott759413.tre, subproblem_solutions/ott772682.tre, subproblem_solutions/ott467866.tre, subproblem_solutions/ott771950.tre, subproblem_solutions/ott7115.tre, subproblem_solutions/ott361530.tre, subproblem_solutions/ott292471.tre, subproblem_solutions/ott363012.tre, subproblem_solutions/ott890354.tre, subproblem_solutions/ott335231.tre, subproblem_solutions/ott384460.tre, subproblem_solutions/ott664477.tre, subproblem_solutions/ott531218.tre, subproblem_solutions/ott736629.tre, subproblem_solutions/ott244224.tre, subproblem_solutions/ott952647.tre, subproblem_solutions/ott73179.tre, subproblem_solutions/ott1007196.tre, subproblem_solutions/ott212185.tre, subproblem_solutions/ott1013346.tre, subproblem_solutions/ott4947682.tre, subproblem_solutions/ott1068257.tre, subproblem_solutions/ott475893.tre, subproblem_solutions/ott5339108.tre, subproblem_solutions/ott1041423.tre, subproblem_solutions/ott1009866.tre, subproblem_solutions/ott662805.tre, subproblem_solutions/ott434235.tre, subproblem_solutions/ott870604.tre, subproblem_solutions/ott552301.tre, subproblem_solutions/ott496027.tre, subproblem_solutions/ott904487.tre, subproblem_solutions/ott1040900.tre, subproblem_solutions/ott452462.tre, subproblem_solutions/ott1041027.tre, subproblem_solutions/ott207740.tre, subproblem_solutions/ott720616.tre, subproblem_solutions/ott1010418.tre, subproblem_solutions/ott814752.tre, subproblem_solutions/ott906941.tre, subproblem_solutions/ott190884.tre, subproblem_solutions/ott1044513.tre, subproblem_solutions/ott3599576.tre, subproblem_solutions/ott658064.tre, subproblem_solutions/ott1036004.tre, subproblem_solutions/ott906599.tre, subproblem_solutions/ott5859934.tre, subproblem_solutions/ott613879.tre, subproblem_solutions/ott4130812.tre, subproblem_solutions/ott321015.tre, subproblem_solutions/ott716196.tre, subproblem_solutions/ott1076202.tre, subproblem_solutions/ott839099.tre, subproblem_solutions/ott288687.tre, subproblem_solutions/ott628492.tre, subproblem_solutions/ott522080.tre, subproblem_solutions/ott396063.tre, subproblem_solutions/ott1010568.tre, subproblem_solutions/ott775147.tre, subproblem_solutions/ott480670.tre, subproblem_solutions/ott3599400.tre, subproblem_solutions/ott465905.tre, subproblem_solutions/ott977742.tre, subproblem_solutions/ott1010435.tre, subproblem_solutions/ott849541.tre, subproblem_solutions/ott168297.tre, subproblem_solutions/ott584448.tre, subproblem_solutions/ott30735.tre, subproblem_solutions/ott178697.tre, subproblem_solutions/ott827152.tre, subproblem_solutions/ott283086.tre, subproblem_solutions/ott901832.tre, subproblem_solutions/ott450966.tre, subproblem_solutions/ott494366.tre, subproblem_solutions/ott440407.tre, subproblem_solutions/ott409115.tre, subproblem_solutions/ott126789.tre, subproblem_solutions/ott729974.tre, subproblem_solutions/ott815967.tre, subproblem_solutions/ott703027.tre, subproblem_solutions/ott90900.tre, subproblem_solutions/ott664463.tre, subproblem_solutions/ott250888.tre, subproblem_solutions/ott453763.tre, subproblem_solutions/ott719086.tre, subproblem_solutions/ott799161.tre, subproblem_solutions/ott1010556.tre, subproblem_solutions/ott843514.tre, subproblem_solutions/ott744572.tre, subproblem_solutions/ott609796.tre, subproblem_solutions/ott958856.tre, subproblem_solutions/ott160486.tre, subproblem_solutions/ott90197.tre, subproblem_solutions/ott917053.tre, subproblem_solutions/ott140441.tre, subproblem_solutions/ott816668.tre, subproblem_solutions/ott964337.tre, subproblem_solutions/ott315824.tre, subproblem_solutions/ott125774.tre, subproblem_solutions/ott341464.tre, subproblem_solutions/ott7068867.tre, subproblem_solutions/ott636275.tre, subproblem_solutions/ott488816.tre, subproblem_solutions/ott622872.tre, subproblem_solutions/ott989079.tre, subproblem_solutions/ott969838.tre, subproblem_solutions/ott410719.tre, subproblem_solutions/ott603922.tre, subproblem_solutions/ott452461.tre, subproblem_solutions/ott3599508.tre, subproblem_solutions/ott439087.tre, subproblem_solutions/ott1093579.tre, subproblem_solutions/ott109892.tre, subproblem_solutions/ott250891.tre, subproblem_solutions/ott838239.tre, subproblem_solutions/ott539130.tre, subproblem_solutions/ott307211.tre, subproblem_solutions/ott1035862.tre, subproblem_solutions/ott248504.tre, subproblem_solutions/ott887699.tre, subproblem_solutions/ott494369.tre, subproblem_solutions/ott1012083.tre, subproblem_solutions/ott20990.tre, subproblem_solutions/ott207169.tre, subproblem_solutions/ott717642.tre, subproblem_solutions/ott550025.tre, subproblem_solutions/ott174369.tre, subproblem_solutions/ott331999.tre, subproblem_solutions/ott781250.tre, subproblem_solutions/ott225738.tre, subproblem_solutions/ott99660.tre, subproblem_solutions/ott1044515.tre, subproblem_solutions/ott713368.tre, subproblem_solutions/ott636245.tre, subproblem_solutions/ott996917.tre, subproblem_solutions/ott7068751.tre, subproblem_solutions/ott265546.tre, subproblem_solutions/ott869061.tre, subproblem_solutions/ott416103.tre, subproblem_solutions/ott1078410.tre, subproblem_solutions/ott107080.tre, subproblem_solutions/ott176460.tre, subproblem_solutions/ott471435.tre, subproblem_solutions/ott97316.tre, subproblem_solutions/ott743730.tre, subproblem_solutions/ott24671.tre, subproblem_solutions/ott242585.tre, subproblem_solutions/ott542679.tre, subproblem_solutions/ott275660.tre, subproblem_solutions/ott80417.tre, subproblem_solutions/ott609798.tre, subproblem_solutions/ott759507.tre, subproblem_solutions/ott332937.tre, subproblem_solutions/ott829553.tre, subproblem_solutions/ott280898.tre, subproblem_solutions/ott24293.tre, subproblem_solutions/ott951135.tre, subproblem_solutions/ott355463.tre, subproblem_solutions/ott443380.tre, subproblem_solutions/ott943097.tre, subproblem_solutions/ott1010960.tre, subproblem_solutions/ott4131693.tre, subproblem_solutions/ott150517.tre, subproblem_solutions/ott258796.tre, subproblem_solutions/ott3598218.tre, subproblem_solutions/ott5275.tre, subproblem_solutions/ott726316.tre, subproblem_solutions/ott489432.tre, subproblem_solutions/ott106898.tre, subproblem_solutions/ott408448.tre, subproblem_solutions/ott617803.tre, subproblem_solutions/ott967528.tre, subproblem_solutions/ott785182.tre, subproblem_solutions/ott568709.tre, subproblem_solutions/ott277534.tre, subproblem_solutions/ott682882.tre, subproblem_solutions/ott827144.tre, subproblem_solutions/ott5859935.tre, subproblem_solutions/ott882744.tre, subproblem_solutions/ott95946.tre, subproblem_solutions/ott712002.tre, subproblem_solutions/ott430247.tre, subproblem_solutions/ott6151851.tre, subproblem_solutions/ott651068.tre, subproblem_solutions/ott507120.tre, subproblem_solutions/ott619181.tre, subproblem_solutions/ott342275.tre, subproblem_solutions/ott472432.tre, subproblem_solutions/ott443268.tre, subproblem_solutions/ott5852548.tre, subproblem_solutions/ott570979.tre, subproblem_solutions/ott848442.tre, subproblem_solutions/ott440797.tre, subproblem_solutions/ott573495.tre, subproblem_solutions/ott817405.tre, subproblem_solutions/ott261310.tre, subproblem_solutions/ott3602244.tre, subproblem_solutions/ott1073494.tre, subproblem_solutions/ott242761.tre, subproblem_solutions/ott591138.tre, subproblem_solutions/ott438658.tre, subproblem_solutions/ott77820.tre, subproblem_solutions/ott212181.tre, subproblem_solutions/ott3599646.tre, subproblem_solutions/ott931009.tre, subproblem_solutions/ott543770.tre, subproblem_solutions/ott729489.tre, subproblem_solutions/ott363021.tre, subproblem_solutions/ott180481.tre, subproblem_solutions/ott586271.tre, subproblem_solutions/ott795154.tre, subproblem_solutions/ott630226.tre, subproblem_solutions/ott704134.tre, subproblem_solutions/ott999677.tre, subproblem_solutions/ott843510.tre, subproblem_solutions/ott932505.tre, subproblem_solutions/ott939948.tre, subproblem_solutions/ott1028829.tre, subproblem_solutions/ott192503.tre, subproblem_solutions/ott210494.tre, subproblem_solutions/ott810768.tre, subproblem_solutions/ott596724.tre, subproblem_solutions/ott292460.tre, subproblem_solutions/ott351898.tre, subproblem_solutions/ott109305.tre, subproblem_solutions/ott810561.tre, subproblem_solutions/ott636377.tre, subproblem_solutions/ott407710.tre, subproblem_solutions/ott499628.tre, subproblem_solutions/ott467843.tre, subproblem_solutions/ott719093.tre, subproblem_solutions/ott728094.tre, subproblem_solutions/ott759559.tre, subproblem_solutions/ott776480.tre, subproblem_solutions/ott375781.tre, subproblem_solutions/ott284585.tre, subproblem_solutions/ott840235.tre, subproblem_solutions/ott752683.tre, subproblem_solutions/ott72474.tre, subproblem_solutions/ott1025661.tre, subproblem_solutions/ott4131705.tre, subproblem_solutions/ott6257.tre, subproblem_solutions/ott683062.tre, subproblem_solutions/ott630525.tre, subproblem_solutions/ott1061824.tre, subproblem_solutions/ott699625.tre, subproblem_solutions/ott108564.tre, subproblem_solutions/ott772200.tre, subproblem_solutions/ott724182.tre, subproblem_solutions/ott918901.tre, subproblem_solutions/ott73954.tre, subproblem_solutions/ott276872.tre, subproblem_solutions/ott291855.tre, subproblem_solutions/ott893770.tre, subproblem_solutions/ott881445.tre, subproblem_solutions/ott308593.tre, subproblem_solutions/ott818311.tre, subproblem_solutions/ott931457.tre, subproblem_solutions/ott136029.tre, subproblem_solutions/ott784682.tre, subproblem_solutions/ott534441.tre, subproblem_solutions/ott1020129.tre, subproblem_solutions/ott4131281.tre, subproblem_solutions/ott134632.tre, subproblem_solutions/ott828712.tre, subproblem_solutions/ott857137.tre, subproblem_solutions/ott102710.tre, subproblem_solutions/ott583251.tre, subproblem_solutions/ott1020138.tre, subproblem_solutions/ott300042.tre, subproblem_solutions/ott212174.tre, subproblem_solutions/ott626444.tre, subproblem_solutions/ott395867.tre, subproblem_solutions/ott241842.tre, subproblem_solutions/ott1065603.tre, subproblem_solutions/ott92677.tre, subproblem_solutions/ott991314.tre, subproblem_solutions/ott3599471.tre, subproblem_solutions/ott150638.tre, subproblem_solutions/ott901831.tre, subproblem_solutions/ott1078300.tre, subproblem_solutions/ott662954.tre, subproblem_solutions/ott820016.tre, subproblem_solutions/ott319138.tre, subproblem_solutions/ott537133.tre, subproblem_solutions/ott1034651.tre, subproblem_solutions/ott452474.tre, subproblem_solutions/ott82220.tre, subproblem_solutions/ott501723.tre, subproblem_solutions/ott214788.tre, subproblem_solutions/ott922724.tre, subproblem_solutions/ott915652.tre, subproblem_solutions/ott636288.tre, subproblem_solutions/ott5852575.tre, subproblem_solutions/ott364171.tre, subproblem_solutions/ott140298.tre, subproblem_solutions/ott539139.tre, subproblem_solutions/ott827587.tre, subproblem_solutions/ott873964.tre, subproblem_solutions/ott75504.tre, subproblem_solutions/ott620981.tre, subproblem_solutions/ott3600667.tre, subproblem_solutions/ott885150.tre, subproblem_solutions/ott843517.tre, subproblem_solutions/ott551573.tre, subproblem_solutions/ott747911.tre, subproblem_solutions/ott289596.tre, subproblem_solutions/ott656588.tre, subproblem_solutions/ott35325.tre, subproblem_solutions/ott1040908.tre, subproblem_solutions/ott609787.tre, subproblem_solutions/ott878299.tre, subproblem_solutions/ott332001.tre, subproblem_solutions/ott263138.tre, subproblem_solutions/ott540031.tre, subproblem_solutions/ott361532.tre, subproblem_solutions/ott1039520.tre, subproblem_solutions/ott274627.tre, subproblem_solutions/ott483798.tre, subproblem_solutions/ott212187.tre, subproblem_solutions/ott1031170.tre, subproblem_solutions/ott291640.tre, subproblem_solutions/ott140436.tre, subproblem_solutions/ott73554.tre, subproblem_solutions/ott214791.tre, subproblem_solutions/ott609781.tre, subproblem_solutions/ott997976.tre, subproblem_solutions/ott319141.tre, subproblem_solutions/ott935198.tre, subproblem_solutions/ott244704.tre, subproblem_solutions/ott593417.tre, subproblem_solutions/ott837567.tre, subproblem_solutions/ott484892.tre, subproblem_solutions/ott474150.tre, subproblem_solutions/ott509848.tre, subproblem_solutions/ott232056.tre, subproblem_solutions/ott140435.tre, subproblem_solutions/ott804122.tre, subproblem_solutions/ott7068098.tre, subproblem_solutions/ott376604.tre, subproblem_solutions/ott692864.tre, subproblem_solutions/ott846944.tre, subproblem_solutions/ott21006.tre, subproblem_solutions/ott234477.tre, subproblem_solutions/ott666111.tre, subproblem_solutions/ott135928.tre, subproblem_solutions/ott109893.tre, subproblem_solutions/ott815702.tre, subproblem_solutions/ott443646.tre, subproblem_solutions/ott494364.tre, subproblem_solutions/ott854607.tre, subproblem_solutions/ott4130744.tre, subproblem_solutions/ott213515.tre, subproblem_solutions/ott27876.tre, subproblem_solutions/ott452464.tre, subproblem_solutions/ott4947690.tre, subproblem_solutions/ott198670.tre, subproblem_solutions/ott746138.tre, subproblem_solutions/ott53643.tre, subproblem_solutions/ott503778.tre, subproblem_solutions/ott977436.tre, subproblem_solutions/ott966320.tre, subproblem_solutions/ott3596451.tre, subproblem_solutions/ott922697.tre, subproblem_solutions/ott583030.tre, subproblem_solutions/ott70684.tre, subproblem_solutions/ott515158.tre, subproblem_solutions/ott18690.tre, subproblem_solutions/ott129403.tre, subproblem_solutions/ott1065606.tre, subproblem_solutions/ott537964.tre, subproblem_solutions/ott854632.tre, subproblem_solutions/ott3599542.tre, subproblem_solutions/ott135287.tre, subproblem_solutions/ott752970.tre, subproblem_solutions/ott684042.tre, subproblem_solutions/ott136024.tre, subproblem_solutions/ott943069.tre, subproblem_solutions/ott313122.tre, subproblem_solutions/ott175628.tre, subproblem_solutions/ott814749.tre, subproblem_solutions/ott301843.tre, subproblem_solutions/ott897681.tre, subproblem_solutions/ott333273.tre, subproblem_solutions/ott857134.tre, subproblem_solutions/ott753793.tre, subproblem_solutions/ott512918.tre, subproblem_solutions/ott44687.tre, subproblem_solutions/ott780423.tre, subproblem_solutions/ott136022.tre, subproblem_solutions/ott198682.tre, subproblem_solutions/ott710531.tre, subproblem_solutions/ott494360.tre, subproblem_solutions/ott810751.tre, subproblem_solutions/ott631323.tre, subproblem_solutions/ott738518.tre, subproblem_solutions/ott1080870.tre, subproblem_solutions/ott746233.tre, subproblem_solutions/ott446460.tre, subproblem_solutions/ott594189.tre, subproblem_solutions/ott259104.tre, subproblem_solutions/ott267639.tre, subproblem_solutions/ott635218.tre, subproblem_solutions/ott96279.tre, subproblem_solutions/ott489153.tre, subproblem_solutions/ott743732.tre, subproblem_solutions/ott1015202.tre, subproblem_solutions/ott212171.tre, subproblem_solutions/ott1083285.tre, subproblem_solutions/ott1040400.tre, subproblem_solutions/ott550870.tre, subproblem_solutions/ott192751.tre, subproblem_solutions/ott420971.tre, subproblem_solutions/ott903617.tre, subproblem_solutions/ott815703.tre, subproblem_solutions/ott302793.tre, subproblem_solutions/ott5857352.tre, subproblem_solutions/ott662621.tre, subproblem_solutions/ott1083041.tre, subproblem_solutions/ott819858.tre, subproblem_solutions/ott819310.tre, subproblem_solutions/ott1041547.tre, subproblem_solutions/ott412120.tre, subproblem_solutions/ott724982.tre, subproblem_solutions/ott806157.tre, subproblem_solutions/ott44873.tre, subproblem_solutions/ott3599260.tre, subproblem_solutions/ott610949.tre, subproblem_solutions/ott280507.tre, subproblem_solutions/ott440612.tre, subproblem_solutions/ott283087.tre, subproblem_solutions/ott931360.tre, subproblem_solutions/ott88395.tre, subproblem_solutions/ott699624.tre, subproblem_solutions/ott1052338.tre, subproblem_solutions/ott600908.tre, subproblem_solutions/ott307005.tre, subproblem_solutions/ott232047.tre, subproblem_solutions/ott332139.tre, subproblem_solutions/ott549510.tre, subproblem_solutions/ott474278.tre, subproblem_solutions/ott966321.tre, subproblem_solutions/ott931323.tre, subproblem_solutions/ott7068145.tre, subproblem_solutions/ott178243.tre, subproblem_solutions/ott836535.tre, subproblem_solutions/ott3599681.tre, subproblem_solutions/ott5839486.tre, subproblem_solutions/ott706421.tre, subproblem_solutions/ott201675.tre, subproblem_solutions/ott714800.tre, subproblem_solutions/ott5852505.tre, subproblem_solutions/ott4131197.tre, subproblem_solutions/ott744559.tre, subproblem_solutions/ott231513.tre, subproblem_solutions/ott4131542.tre, subproblem_solutions/ott831395.tre, subproblem_solutions/ott275658.tre, subproblem_solutions/ott662799.tre, subproblem_solutions/ott24061.tre, subproblem_solutions/ott244596.tre, subproblem_solutions/ott90889.tre, subproblem_solutions/ott85287.tre, subproblem_solutions/ott1050156.tre, subproblem_solutions/ott3599463.tre, subproblem_solutions/ott20999.tre, subproblem_solutions/ott592657.tre, subproblem_solutions/ott999542.tre, subproblem_solutions/ott176450.tre, subproblem_solutions/ott931459.tre, subproblem_solutions/ott601625.tre, subproblem_solutions/ott606456.tre, subproblem_solutions/ott335226.tre, subproblem_solutions/ott1012091.tre, subproblem_solutions/ott968672.tre, subproblem_solutions/ott291853.tre, subproblem_solutions/ott540032.tre, subproblem_solutions/ott856525.tre, subproblem_solutions/ott1020133.tre, subproblem_solutions/ott7068743.tre, subproblem_solutions/ott1041422.tre, subproblem_solutions/ott108566.tre, subproblem_solutions/ott981607.tre, subproblem_solutions/ott728075.tre, subproblem_solutions/ott628493.tre, subproblem_solutions/ott204725.tre, subproblem_solutions/ott597793.tre, subproblem_solutions/ott1025756.tre, subproblem_solutions/ott467845.tre, subproblem_solutions/ott341468.tre, subproblem_solutions/ott284583.tre, subproblem_solutions/ott142238.tre, subproblem_solutions/ott624760.tre, subproblem_solutions/ott1028835.tre, subproblem_solutions/ott3599325.tre, subproblem_solutions/ott1054558.tre, subproblem_solutions/ott452467.tre, subproblem_solutions/ott931731.tre, subproblem_solutions/ott361521.tre, subproblem_solutions/ott3598863.tre, subproblem_solutions/ott1041549.tre, subproblem_solutions/ott313128.tre, subproblem_solutions/ott333274.tre, subproblem_solutions/ott471432.tre, subproblem_solutions/ott81461.tre, subproblem_solutions/ott3599532.tre, subproblem_solutions/ott385665.tre, subproblem_solutions/ott379419.tre, subproblem_solutions/ott467838.tre, subproblem_solutions/ott1044949.tre, subproblem_solutions/ott1010549.tre, subproblem_solutions/ott419366.tre, subproblem_solutions/ott915881.tre, subproblem_solutions/ott81443.tre, subproblem_solutions/ott743410.tre, subproblem_solutions/ott898953.tre, subproblem_solutions/ott944662.tre, subproblem_solutions/ott357621.tre, subproblem_solutions/ott848608.tre, subproblem_solutions/ott1098755.tre, subproblem_solutions/ott818421.tre, subproblem_solutions/ott244695.tre, subproblem_solutions/ott989510.tre, subproblem_solutions/ott439418.tre, subproblem_solutions/ott1019856.tre, subproblem_solutions/ott61523.tre, subproblem_solutions/ott402447.tre, subproblem_solutions/ott234475.tre, subproblem_solutions/ott941241.tre, subproblem_solutions/ott572179.tre, subproblem_solutions/ott3599889.tre, subproblem_solutions/ott631580.tre, subproblem_solutions/ott728081.tre, subproblem_solutions/ott750780.tre, subproblem_solutions/ott393089.tre, subproblem_solutions/ott82417.tre, subproblem_solutions/ott481875.tre, subproblem_solutions/ott684043.tre, subproblem_solutions/ott931722.tre, subproblem_solutions/ott780433.tre
    output: grafted_solution/grafted_solution.tre
    jobid: 1
    resources: tmpdir=/tmp

[Mon Sep 23 14:04:18 2024]
Finished job 1.
1 of 2 steps (50%) done
Select jobs to execute...

[Mon Sep 23 14:04:18 2024]
rule relabel_grafted:
    input: config, otc-config, grafted_solution/grafted_solution.tre
    output: grafted_solution/grafted_solution_ottnames.tre
    jobid: 0
    resources: tmpdir=/tmp

[Mon Sep 23 14:04:24 2024]
Finished job 0.
2 of 2 steps (100%) done
Complete log: .snakemake/log/2024-09-23T140417.831701.snakemake.log
Executing subworkflow s09_unprune_taxa.
Building DAG of jobs...
Using shell: /usr/bin/bash
Provided cores: 8
Rules claiming more threads will be scaled down.
Job stats:
job                               count    min threads    max threads
------------------------------  -------  -------------  -------------
full_deg_dist                         1              1              1
full_labelled_tree                    1              1              1
ott_for_regraft                       1              1              1
pruned_tax_dd                         1              1              1
relabel_full_tree                     1              1              1
remove_monotypic                      1              1              1
simplify_full_tree_labels             1              1              1
simplify_sans_monotypic_labels        1              1              1
total                                 8              1              1

Select jobs to execute...

[Mon Sep 23 14:04:24 2024]
rule ott_for_regraft:
    input: bumped_ott/forwards.tsv, bumped_ott/synonyms.tsv, bumped_ott/taxonomy.tsv, bumped_ott/version.txt, exemplified_phylo/taxonomy.tre, config
    output: exemplified_phylo/regraft_cleaned_ott.tre, exemplified_phylo/pruned_for_regraft_cleaned_ott.json
    jobid: 1
    resources: tmpdir=/tmp

[Mon Sep 23 14:04:24 2024]
rule pruned_tax_dd:
    input: exemplified_phylo/taxonomy.tre
    output: exemplified_phylo/pruned_taxonomy_degree_distribution.txt
    jobid: 7
    resources: tmpdir=/tmp

[Mon Sep 23 14:04:25 2024]
Finished job 7.
1 of 8 steps (12%) done
[Mon Sep 23 14:04:25 2024]
Finished job 1.
2 of 8 steps (25%) done
Select jobs to execute...

[Mon Sep 23 14:04:25 2024]
rule full_labelled_tree:
    input: config, otc-config, grafted_solution/grafted_solution.tre, exemplified_phylo/regraft_cleaned_ott.tre, exemplified_phylo/incertae_sedis.txt
    output: labelled_supertree/labelled_supertree.tre, labelled_supertree/broken_taxa.json, labelled_supertree/input_output_stats.json
    jobid: 0
    resources: tmpdir=/tmp

[Mon Sep 23 14:04:25 2024]
Finished job 0.
3 of 8 steps (38%) done
Select jobs to execute...

[Mon Sep 23 14:04:25 2024]
rule remove_monotypic:
    input: bumped_ott/forwards.tsv, bumped_ott/synonyms.tsv, bumped_ott/taxonomy.tsv, bumped_ott/version.txt, labelled_supertree/labelled_supertree.tre
    output: labelled_supertree/labelled_supertree_ottnames_without_monotypic.tre
    jobid: 3
    resources: tmpdir=/tmp

[Mon Sep 23 14:04:25 2024]
rule relabel_full_tree:
    input: bumped_ott/forwards.tsv, bumped_ott/synonyms.tsv, bumped_ott/taxonomy.tsv, bumped_ott/version.txt, labelled_supertree/labelled_supertree.tre
    output: labelled_supertree/labelled_supertree_ottnames.tre
    jobid: 5
    resources: tmpdir=/tmp

[Mon Sep 23 14:04:25 2024]
rule full_deg_dist:
    input: labelled_supertree/labelled_supertree.tre
    output: labelled_supertree/labelled_supertree_out_degree_distribution.txt
    jobid: 6
    resources: tmpdir=/tmp

[Mon Sep 23 14:04:26 2024]
Finished job 6.
4 of 8 steps (50%) done
[Mon Sep 23 14:04:26 2024]
Finished job 5.
5 of 8 steps (62%) done
Select jobs to execute...

[Mon Sep 23 14:04:26 2024]
rule simplify_full_tree_labels:
    input: labelled_supertree/labelled_supertree_ottnames.tre
    output: labelled_supertree/labelled_supertree_simplified_ottnames.tre, labelled_supertree/simplified_ottnames.log
    jobid: 4
    resources: tmpdir=/tmp

[Mon Sep 23 14:04:26 2024]
Finished job 3.
6 of 8 steps (75%) done
Select jobs to execute...

[Mon Sep 23 14:04:26 2024]
rule simplify_sans_monotypic_labels:
    input: labelled_supertree/labelled_supertree_ottnames_without_monotypic.tre
    output: labelled_supertree/labelled_supertree_simplified_ottnames_without_monotypic.tre, labelled_supertree/simplified_ottnames_without_monotypic.log
    jobid: 2
    resources: tmpdir=/tmp

[Mon Sep 23 14:04:26 2024]
Finished job 4.
7 of 8 steps (88%) done
[Mon Sep 23 14:04:26 2024]
Finished job 2.
8 of 8 steps (100%) done
Complete log: .snakemake/log/2024-09-23T140424.796945.snakemake.log
Executing subworkflow s10_finish.
Building DAG of jobs...
Using shell: /usr/bin/bash
Provided cores: 8
Rules claiming more threads will be scaled down.
Job stats:
job                            count    min threads    max threads
---------------------------  -------  -------------  -------------
annotate                           1              1              1
annotate_1                         1              1              1
annotate_2                         1              1              1
assess                             1              1              1
assess_lost_taxa                   1              1              1
calc_tips_for_ott_internals        1              1              1
combine_ott_logs                   1              1              1
create_indented_tip_count          1              1              1
format_subpr_size_as_table         1              1              1
html                               1              1              1
normalize_tree_names               1              1              1
summarize_subpr_size               1              1              1
supertree_deg_dist                 1              1              1
tax_deg_dist                       1              1              1
templates                          1              1              1
total                             15              1              1

Select jobs to execute...

[Mon Sep 23 14:04:26 2024]
rule tax_deg_dist:
    input: exemplified_phylo/regraft_cleaned_ott.tre
    output: assessments/taxonomy_degree_distribution.txt
    jobid: 9
    resources: tmpdir=/tmp

[Mon Sep 23 14:04:26 2024]
rule assess_lost_taxa:
    input: exemplified_phylo/regraft_cleaned_ott.tre, labelled_supertree/labelled_supertree.tre
    output: assessments/lost_taxa.txt
    jobid: 11
    resources: tmpdir=/tmp

[Mon Sep 23 14:04:26 2024]
rule templates:
    output: logs/templates/annotated_supertree_index.pt, logs/templates/assessments_index.pt, logs/templates/bumped_ott_index.pt, logs/templates/cleaned_ott_index.pt, logs/templates/cleaned_phylo_index.pt, logs/templates/exemplified_phylo_index.pt, logs/templates/grafted_solution_index.pt, logs/templates/head.pt, logs/templates/labelled_supertree_index.pt, logs/templates/phylo_input_index.pt, logs/templates/phylo_snapshot_index.pt, logs/templates/reversed_subproblems_index.pt, logs/templates/reversed_subproblem_solutions_index.pt, logs/templates/subott_dir_index.pt, logs/templates/subproblems_index.pt, logs/templates/subproblem_solutions_index.pt, logs/templates/top_index.pt
    jobid: 3
    resources: tmpdir=/tmp

[Mon Sep 23 14:04:26 2024]
rule normalize_tree_names:
    input: exemplified_phylo/nonempty_trees.txt
    output: exemplified_phylo/nonempty_normalized_names_trees.txt
    jobid: 7
    resources: tmpdir=/tmp

[Mon Sep 23 14:04:26 2024]
rule supertree_deg_dist:
    input: labelled_supertree/labelled_supertree.tre
    output: assessments/supertree_degree_distribution.txt
    jobid: 10
    resources: tmpdir=/tmp

[Mon Sep 23 14:04:26 2024]
rule combine_ott_logs:
    input: cleaned_ott/cleaned_ott_1.json, cleaned_ott/cleaned_ott_pruned_nonflagged.json
    output: cleaned_ott/cleaned_ott.json
    jobid: 12
    resources: tmpdir=/tmp

[Mon Sep 23 14:04:26 2024]
rule create_indented_tip_count:
    input: labelled_supertree/labelled_supertree_simplified_ottnames.tre
    output: labelled_supertree/labelled-tree-tip-count-indented-table.txt
    jobid: 14
    resources: tmpdir=/tmp

[Mon Sep 23 14:04:26 2024]
Finished job 9.
1 of 15 steps (7%) done
[Mon Sep 23 14:04:26 2024]
Finished job 12.
2 of 15 steps (13%) done
[Mon Sep 23 14:04:26 2024]
Finished job 3.
3 of 15 steps (20%) done
[Mon Sep 23 14:04:26 2024]
Finished job 7.
4 of 15 steps (27%) done
Select jobs to execute...

[Mon Sep 23 14:04:26 2024]
rule annotate_1:
    input: exemplified_phylo/nonempty_normalized_names_trees.txt, subproblems/dumped_subproblem_ids.txt, labelled_supertree/labelled_supertree.tre
    output: annotated_supertree/annotations1.json
    jobid: 6
    resources: tmpdir=/tmp

[Mon Sep 23 14:04:26 2024]
Finished job 10.
5 of 15 steps (33%) done
[Mon Sep 23 14:04:27 2024]
Finished job 14.
6 of 15 steps (40%) done
Select jobs to execute...

[Mon Sep 23 14:04:27 2024]
rule calc_tips_for_ott_internals:
    input: labelled_supertree/labelled-tree-tip-count-indented-table.txt
    output: labelled_supertree/num_tips_for_ott_internals_in_labelled_tree.json
    jobid: 13
    resources: tmpdir=/tmp

[Mon Sep 23 14:04:27 2024]
Finished job 11.
7 of 15 steps (47%) done
[Mon Sep 23 14:04:27 2024]
Finished job 13.
8 of 15 steps (53%) done
[Mon Sep 23 14:04:28 2024]
Finished job 6.
9 of 15 steps (60%) done
Select jobs to execute...

[Mon Sep 23 14:04:28 2024]
rule annotate_2:
    input: exemplified_phylo/pruned_taxonomy_degree_distribution.txt, annotated_supertree/annotations1.json
    output: annotated_supertree/annotations2.json
    jobid: 8
    resources: tmpdir=/tmp

[Mon Sep 23 14:04:33 2024]
Finished job 8.
10 of 15 steps (67%) done
Select jobs to execute...

[Mon Sep 23 14:04:33 2024]
rule annotate:
    input: annotated_supertree/annotations1.json, annotated_supertree/annotations2.json
    output: annotated_supertree/annotations.json
    jobid: 5
    resources: tmpdir=/tmp

[Mon Sep 23 14:04:34 2024]
Finished job 5.
11 of 15 steps (73%) done
Select jobs to execute...

[Mon Sep 23 14:04:34 2024]
rule assess:
    input: annotated_supertree/annotations.json, assessments/taxonomy_degree_distribution.txt, assessments/supertree_degree_distribution.txt, assessments/lost_taxa.txt, exemplified_phylo/regraft_cleaned_ott.tre, cleaned_ott/cleaned_ott.json
    output: assessments/summary.json
    jobid: 4
    resources: tmpdir=/tmp

[Mon Sep 23 14:04:34 2024]
Finished job 4.
12 of 15 steps (80%) done
Select jobs to execute...

[Mon Sep 23 14:04:34 2024]
rule html:
    input: logs/templates/annotated_supertree_index.pt, logs/templates/assessments_index.pt, logs/templates/bumped_ott_index.pt, logs/templates/cleaned_ott_index.pt, logs/templates/cleaned_phylo_index.pt, logs/templates/exemplified_phylo_index.pt, logs/templates/grafted_solution_index.pt, logs/templates/head.pt, logs/templates/labelled_supertree_index.pt, logs/templates/phylo_input_index.pt, logs/templates/phylo_snapshot_index.pt, logs/templates/reversed_subproblems_index.pt, logs/templates/reversed_subproblem_solutions_index.pt, logs/templates/subott_dir_index.pt, logs/templates/subproblems_index.pt, logs/templates/subproblem_solutions_index.pt, logs/templates/top_index.pt, assessments/summary.json, subproblems/contesting_trees.json, subproblems/dumped_subproblem_ids.txt, labelled_supertree/num_tips_for_ott_internals_in_labelled_tree.json
    output: index.html, subproblems/index.json
    jobid: 2
    resources: tmpdir=/tmp

[Mon Sep 23 14:04:43 2024]
Finished job 2.
13 of 15 steps (87%) done
Select jobs to execute...

[Mon Sep 23 14:04:43 2024]
rule summarize_subpr_size:
    input: subproblems/index.json, subproblems/.all_deg_dist_calculated.txt, labelled_supertree/num_tips_for_ott_internals_in_labelled_tree.json, subproblems/deg-dist
    output: subproblems/subproblem_size_summary.json
    jobid: 1
    resources: tmpdir=/tmp

[Mon Sep 23 14:04:43 2024]
Finished job 1.
14 of 15 steps (93%) done
Select jobs to execute...

[Mon Sep 23 14:04:43 2024]
rule format_subpr_size_as_table:
    input: subproblems/subproblem_size_summary.json
    output: subproblems/subproblem_size_summary_table.tsv
    jobid: 0
    resources: tmpdir=/tmp

[Mon Sep 23 14:04:43 2024]
Finished job 0.
15 of 15 steps (100%) done
Complete log: .snakemake/log/2024-09-23T140426.419080.snakemake.log
Executing main workflow.
Using shell: /usr/bin/bash
Provided cores: 8
Rules claiming more threads will be scaled down.
Job stats:
job      count    min threads    max threads
-----  -------  -------------  -------------
all          1              1              1
total        1              1              1

Select jobs to execute...

[Mon Sep 23 14:04:43 2024]
localrule all:
    input: /home/deploy/synthesis/custom_synth_scratch/results/snacktavish_aves-3_81461_tmp3x1imqdk/config, /home/deploy/synthesis/custom_synth_scratch/results/snacktavish_aves-3_81461_tmp3x1imqdk/otc-config, /home/deploy/synthesis/custom_synth_scratch/results/snacktavish_aves-3_81461_tmp3x1imqdk/checksum_for_run.md5, /home/deploy/synthesis/custom_synth_scratch/results/snacktavish_aves-3_81461_tmp3x1imqdk/cleaned_ott/cleaned_not_updated_ott.tre, /home/deploy/synthesis/custom_synth_scratch/results/snacktavish_aves-3_81461_tmp3x1imqdk/exemplified_phylo/args.txt, /home/deploy/synthesis/custom_synth_scratch/results/snacktavish_aves-3_81461_tmp3x1imqdk/cleaned_phylo/phylo_inputs_cleaned.txt, /home/deploy/synthesis/custom_synth_scratch/results/snacktavish_aves-3_81461_tmp3x1imqdk/bumped_ott/cleaned_ott.tre, /home/deploy/synthesis/custom_synth_scratch/results/snacktavish_aves-3_81461_tmp3x1imqdk/exemplified_phylo/incertae_sedis.txt, /home/deploy/synthesis/custom_synth_scratch/results/snacktavish_aves-3_81461_tmp3x1imqdk/subproblems/raw_contesting_trees.json, /home/deploy/synthesis/custom_synth_scratch/results/snacktavish_aves-3_81461_tmp3x1imqdk/subproblems/contesting_trees.json, /home/deploy/synthesis/custom_synth_scratch/results/snacktavish_aves-3_81461_tmp3x1imqdk/subproblem_solutions/subproblems-scaffold.tre, /home/deploy/synthesis/custom_synth_scratch/results/snacktavish_aves-3_81461_tmp3x1imqdk/subproblem_solutions/subproblems-scaffold-only.tre, /home/deploy/synthesis/custom_synth_scratch/results/snacktavish_aves-3_81461_tmp3x1imqdk/subproblem_solutions/solution-ids.txt, /home/deploy/synthesis/custom_synth_scratch/results/snacktavish_aves-3_81461_tmp3x1imqdk/reversed_subproblem_solutions/solution-ids.txt, /home/deploy/synthesis/custom_synth_scratch/results/snacktavish_aves-3_81461_tmp3x1imqdk/subproblem_solutions/solution-degree-distributions.txt, /home/deploy/synthesis/custom_synth_scratch/results/snacktavish_aves-3_81461_tmp3x1imqdk/reversed_subproblem_solutions/solution-degree-distributions.txt, /home/deploy/synthesis/custom_synth_scratch/results/snacktavish_aves-3_81461_tmp3x1imqdk/subproblems/.all_deg_dist_calculated.txt, /home/deploy/synthesis/custom_synth_scratch/results/snacktavish_aves-3_81461_tmp3x1imqdk/grafted_solution/grafted_solution_ottnames.tre, /home/deploy/synthesis/custom_synth_scratch/results/snacktavish_aves-3_81461_tmp3x1imqdk/labelled_supertree/labelled_supertree.tre, /home/deploy/synthesis/custom_synth_scratch/results/snacktavish_aves-3_81461_tmp3x1imqdk/labelled_supertree/labelled_supertree_out_degree_distribution.txt, /home/deploy/synthesis/custom_synth_scratch/results/snacktavish_aves-3_81461_tmp3x1imqdk/labelled_supertree/labelled_supertree_ottnames.tre, /home/deploy/synthesis/custom_synth_scratch/results/snacktavish_aves-3_81461_tmp3x1imqdk/labelled_supertree/labelled_supertree_simplified_ottnames.tre, /home/deploy/synthesis/custom_synth_scratch/results/snacktavish_aves-3_81461_tmp3x1imqdk/labelled_supertree/labelled_supertree_ottnames_without_monotypic.tre, /home/deploy/synthesis/custom_synth_scratch/results/snacktavish_aves-3_81461_tmp3x1imqdk/labelled_supertree/labelled_supertree_simplified_ottnames_without_monotypic.tre, /home/deploy/synthesis/custom_synth_scratch/results/snacktavish_aves-3_81461_tmp3x1imqdk/exemplified_phylo/pruned_taxonomy_degree_distribution.txt, /home/deploy/synthesis/custom_synth_scratch/results/snacktavish_aves-3_81461_tmp3x1imqdk/annotated_supertree/annotations.json, /home/deploy/synthesis/custom_synth_scratch/results/snacktavish_aves-3_81461_tmp3x1imqdk/index.html, /home/deploy/synthesis/custom_synth_scratch/results/snacktavish_aves-3_81461_tmp3x1imqdk/subproblems/subproblem_size_summary_table.tsv
    jobid: 0
    resources: tmpdir=/tmp

[Mon Sep 23 14:04:43 2024]
Finished job 0.
1 of 1 steps (100%) done
Complete log: .snakemake/log/2024-09-23T140426.419080.snakemake.log
