Assuming unrestricted shared filesystem usage.
None
host: otree2
Building DAG of jobs...
Using shell: /usr/bin/bash
Provided cores: 8
Rules claiming more threads will be scaled down.
Job stats:
job                                         count
----------------------------------------  -------
checksum_inputs                                 1
snap_concrete_tree_list                         1
snap_copy_collections                           1
snap_run_md5                                    1
snap_snapshot_trees_and_collection_items        1
total                                           5

Select jobs to execute...
Execute 1 jobs...
[Fri Dec 19 11:09:34 2025]
localrule snap_copy_collections:
    input: phylo_snapshot/collections_shard_shas.txt, /home/deploy/synthesis/phylesystem/shards/collections-1/collections-by-owner/snacktavish/aves.json
    output: phylo_input/rank_collection.json
    jobid: 8
    reason: Missing output files: phylo_input/rank_collection.json
    resources: tmpdir=/tmp
[Fri Dec 19 11:09:36 2025]
Finished jobid: 8 (Rule: snap_copy_collections)
1 of 5 steps (20%) done
Select jobs to execute...
Execute 1 jobs...
[Fri Dec 19 11:09:36 2025]
localrule snap_snapshot_trees_and_collection_items:
    input: phylo_snapshot/collections_shard_shas.txt, phylo_input/rank_collection.json
    output: phylo_snapshot/concrete_rank_collection.json
    jobid: 7
    reason: Missing output files: phylo_snapshot/concrete_rank_collection.json; Input files updated by another job: phylo_input/rank_collection.json
    resources: tmpdir=/tmp
[Fri Dec 19 11:09:45 2025]
Finished jobid: 7 (Rule: snap_snapshot_trees_and_collection_items)
2 of 5 steps (40%) done
Select jobs to execute...
Execute 1 jobs...
[Fri Dec 19 11:09:45 2025]
localrule snap_concrete_tree_list:
    input: phylo_snapshot/concrete_rank_collection.json
    output: phylo_input/study_tree_pairs.txt, phylo_input/blob_shas.txt
    jobid: 6
    reason: Missing output files: phylo_input/blob_shas.txt; Input files updated by another job: phylo_snapshot/concrete_rank_collection.json
    resources: tmpdir=/tmp
[Fri Dec 19 11:09:46 2025]
Finished jobid: 6 (Rule: snap_concrete_tree_list)
3 of 5 steps (60%) done
Select jobs to execute...
Execute 1 jobs...
[Fri Dec 19 11:09:46 2025]
localrule snap_run_md5:
    input: phylo_input/blob_shas.txt, config
    output: checksum_for_run.md5
    jobid: 5
    reason: Missing output files: checksum_for_run.md5; Input files updated by another job: phylo_input/blob_shas.txt
    resources: tmpdir=/tmp
[Fri Dec 19 11:09:46 2025]
Finished jobid: 5 (Rule: snap_run_md5)
4 of 5 steps (80%) done
Select jobs to execute...
Execute 1 jobs...
[Fri Dec 19 11:09:46 2025]
localrule checksum_inputs:
    input: config, otc-config, phylo_snapshot/ps_shard_shas.txt, phylo_snapshot/collections_shard_shas.txt, checksum_for_run.md5
    jobid: 0
    reason: Input files updated by another job: checksum_for_run.md5
    resources: tmpdir=/tmp
[Fri Dec 19 11:09:46 2025]
Finished jobid: 0 (Rule: checksum_inputs)
5 of 5 steps (100%) done
Complete log(s): /home/deploy/synthesis/custom_synth_scratch/results/snacktavish_aves_81461_tmp4jb7osnf/.snakemake/log/2025-12-19T110934.539441.snakemake.log
